<?xml version="1.0" encoding="UTF-8"?>
<!-- Generated by org.testng.reporters.JUnitXMLReporter -->
<testsuite ignored="0" hostname="DESKTOP-9RG5185" failures="1" tests="4" name="ProjectJob" time="23.876" errors="0" timestamp="2022-11-26T00:42:18 IST">
  <testcase classname="TestProject.TestNG" name="Shutdown" time="0.0">
    <failure type="org.testng.TestNGException" message="
Cannot inject @Test annotated Method [Shutdown] with [class java.lang.String].
For more information on native dependency injection please refer to https://testng.org/doc/documentation-main.html#native-dependency-injection">
      <![CDATA[org.testng.TestNGException: 
Cannot inject @Test annotated Method [Shutdown] with [class java.lang.String].
For more information on native dependency injection please refer to https://testng.org/doc/documentation-main.html#native-dependency-injection
at java.base/java.util.ArrayList.forEach(ArrayList.java:1511)
... Removed 26 stack frames]]>
    </failure>
  </testcase> <!-- Shutdown -->
  <testcase classname="TestProject.TestNG" name="presetup" time="14.437"/>
  <testcase classname="TestProject.TestNG" name="NavigateToPage" time="6.441"/>
  <testcase classname="TestProject.TestNG" name="fillform" time="0.0">
    <skipped/>
  </testcase> <!-- fillform -->
</testsuite> <!-- ProjectJob -->
